                                      1 ;--------------------------------------------------------
                                      2 ; File Created by SDCC : free open source ANSI-C Compiler
                                      3 ; Version 3.8.0 #10562 (Linux)
                                      4 ;--------------------------------------------------------
                                      5 	.module time
                                      6 	.optsdcc -mmcs51 --model-small
                                      7 	
                                      8 ;--------------------------------------------------------
                                      9 ; Public variables in this module
                                     10 ;--------------------------------------------------------
                                     11 	.globl _TF2
                                     12 	.globl _EXF2
                                     13 	.globl _RCLK
                                     14 	.globl _TCLK
                                     15 	.globl _EXEN2
                                     16 	.globl _TR2
                                     17 	.globl _C_T2
                                     18 	.globl _CP_RL2
                                     19 	.globl _T2CON_7
                                     20 	.globl _T2CON_6
                                     21 	.globl _T2CON_5
                                     22 	.globl _T2CON_4
                                     23 	.globl _T2CON_3
                                     24 	.globl _T2CON_2
                                     25 	.globl _T2CON_1
                                     26 	.globl _T2CON_0
                                     27 	.globl _PT2
                                     28 	.globl _ET2
                                     29 	.globl _CY
                                     30 	.globl _AC
                                     31 	.globl _F0
                                     32 	.globl _RS1
                                     33 	.globl _RS0
                                     34 	.globl _OV
                                     35 	.globl _F1
                                     36 	.globl _P
                                     37 	.globl _PS
                                     38 	.globl _PT1
                                     39 	.globl _PX1
                                     40 	.globl _PT0
                                     41 	.globl _PX0
                                     42 	.globl _RD
                                     43 	.globl _WR
                                     44 	.globl _T1
                                     45 	.globl _T0
                                     46 	.globl _INT1
                                     47 	.globl _INT0
                                     48 	.globl _TXD
                                     49 	.globl _RXD
                                     50 	.globl _P3_7
                                     51 	.globl _P3_6
                                     52 	.globl _P3_5
                                     53 	.globl _P3_4
                                     54 	.globl _P3_3
                                     55 	.globl _P3_2
                                     56 	.globl _P3_1
                                     57 	.globl _P3_0
                                     58 	.globl _EA
                                     59 	.globl _ES
                                     60 	.globl _ET1
                                     61 	.globl _EX1
                                     62 	.globl _ET0
                                     63 	.globl _EX0
                                     64 	.globl _P2_7
                                     65 	.globl _P2_6
                                     66 	.globl _P2_5
                                     67 	.globl _P2_4
                                     68 	.globl _P2_3
                                     69 	.globl _P2_2
                                     70 	.globl _P2_1
                                     71 	.globl _P2_0
                                     72 	.globl _SM0
                                     73 	.globl _SM1
                                     74 	.globl _SM2
                                     75 	.globl _REN
                                     76 	.globl _TB8
                                     77 	.globl _RB8
                                     78 	.globl _TI
                                     79 	.globl _RI
                                     80 	.globl _P1_7
                                     81 	.globl _P1_6
                                     82 	.globl _P1_5
                                     83 	.globl _P1_4
                                     84 	.globl _P1_3
                                     85 	.globl _P1_2
                                     86 	.globl _P1_1
                                     87 	.globl _P1_0
                                     88 	.globl _TF1
                                     89 	.globl _TR1
                                     90 	.globl _TF0
                                     91 	.globl _TR0
                                     92 	.globl _IE1
                                     93 	.globl _IT1
                                     94 	.globl _IE0
                                     95 	.globl _IT0
                                     96 	.globl _P0_7
                                     97 	.globl _P0_6
                                     98 	.globl _P0_5
                                     99 	.globl _P0_4
                                    100 	.globl _P0_3
                                    101 	.globl _P0_2
                                    102 	.globl _P0_1
                                    103 	.globl _P0_0
                                    104 	.globl _TH2
                                    105 	.globl _TL2
                                    106 	.globl _RCAP2H
                                    107 	.globl _RCAP2L
                                    108 	.globl _T2CON
                                    109 	.globl _B
                                    110 	.globl _ACC
                                    111 	.globl _PSW
                                    112 	.globl _IP
                                    113 	.globl _P3
                                    114 	.globl _IE
                                    115 	.globl _P2
                                    116 	.globl _SBUF
                                    117 	.globl _SCON
                                    118 	.globl _P1
                                    119 	.globl _TH1
                                    120 	.globl _TH0
                                    121 	.globl _TL1
                                    122 	.globl _TL0
                                    123 	.globl _TMOD
                                    124 	.globl _TCON
                                    125 	.globl _PCON
                                    126 	.globl _DPH
                                    127 	.globl _DPL
                                    128 	.globl _SP
                                    129 	.globl _P0
                                    130 	.globl _T0RL
                                    131 	.globl _T0RH
                                    132 	.globl _time0_init
                                    133 ;--------------------------------------------------------
                                    134 ; special function registers
                                    135 ;--------------------------------------------------------
                                    136 	.area RSEG    (ABS,DATA)
      000000                        137 	.org 0x0000
                           000080   138 _P0	=	0x0080
                           000081   139 _SP	=	0x0081
                           000082   140 _DPL	=	0x0082
                           000083   141 _DPH	=	0x0083
                           000087   142 _PCON	=	0x0087
                           000088   143 _TCON	=	0x0088
                           000089   144 _TMOD	=	0x0089
                           00008A   145 _TL0	=	0x008a
                           00008B   146 _TL1	=	0x008b
                           00008C   147 _TH0	=	0x008c
                           00008D   148 _TH1	=	0x008d
                           000090   149 _P1	=	0x0090
                           000098   150 _SCON	=	0x0098
                           000099   151 _SBUF	=	0x0099
                           0000A0   152 _P2	=	0x00a0
                           0000A8   153 _IE	=	0x00a8
                           0000B0   154 _P3	=	0x00b0
                           0000B8   155 _IP	=	0x00b8
                           0000D0   156 _PSW	=	0x00d0
                           0000E0   157 _ACC	=	0x00e0
                           0000F0   158 _B	=	0x00f0
                           0000C8   159 _T2CON	=	0x00c8
                           0000CA   160 _RCAP2L	=	0x00ca
                           0000CB   161 _RCAP2H	=	0x00cb
                           0000CC   162 _TL2	=	0x00cc
                           0000CD   163 _TH2	=	0x00cd
                                    164 ;--------------------------------------------------------
                                    165 ; special function bits
                                    166 ;--------------------------------------------------------
                                    167 	.area RSEG    (ABS,DATA)
      000000                        168 	.org 0x0000
                           000080   169 _P0_0	=	0x0080
                           000081   170 _P0_1	=	0x0081
                           000082   171 _P0_2	=	0x0082
                           000083   172 _P0_3	=	0x0083
                           000084   173 _P0_4	=	0x0084
                           000085   174 _P0_5	=	0x0085
                           000086   175 _P0_6	=	0x0086
                           000087   176 _P0_7	=	0x0087
                           000088   177 _IT0	=	0x0088
                           000089   178 _IE0	=	0x0089
                           00008A   179 _IT1	=	0x008a
                           00008B   180 _IE1	=	0x008b
                           00008C   181 _TR0	=	0x008c
                           00008D   182 _TF0	=	0x008d
                           00008E   183 _TR1	=	0x008e
                           00008F   184 _TF1	=	0x008f
                           000090   185 _P1_0	=	0x0090
                           000091   186 _P1_1	=	0x0091
                           000092   187 _P1_2	=	0x0092
                           000093   188 _P1_3	=	0x0093
                           000094   189 _P1_4	=	0x0094
                           000095   190 _P1_5	=	0x0095
                           000096   191 _P1_6	=	0x0096
                           000097   192 _P1_7	=	0x0097
                           000098   193 _RI	=	0x0098
                           000099   194 _TI	=	0x0099
                           00009A   195 _RB8	=	0x009a
                           00009B   196 _TB8	=	0x009b
                           00009C   197 _REN	=	0x009c
                           00009D   198 _SM2	=	0x009d
                           00009E   199 _SM1	=	0x009e
                           00009F   200 _SM0	=	0x009f
                           0000A0   201 _P2_0	=	0x00a0
                           0000A1   202 _P2_1	=	0x00a1
                           0000A2   203 _P2_2	=	0x00a2
                           0000A3   204 _P2_3	=	0x00a3
                           0000A4   205 _P2_4	=	0x00a4
                           0000A5   206 _P2_5	=	0x00a5
                           0000A6   207 _P2_6	=	0x00a6
                           0000A7   208 _P2_7	=	0x00a7
                           0000A8   209 _EX0	=	0x00a8
                           0000A9   210 _ET0	=	0x00a9
                           0000AA   211 _EX1	=	0x00aa
                           0000AB   212 _ET1	=	0x00ab
                           0000AC   213 _ES	=	0x00ac
                           0000AF   214 _EA	=	0x00af
                           0000B0   215 _P3_0	=	0x00b0
                           0000B1   216 _P3_1	=	0x00b1
                           0000B2   217 _P3_2	=	0x00b2
                           0000B3   218 _P3_3	=	0x00b3
                           0000B4   219 _P3_4	=	0x00b4
                           0000B5   220 _P3_5	=	0x00b5
                           0000B6   221 _P3_6	=	0x00b6
                           0000B7   222 _P3_7	=	0x00b7
                           0000B0   223 _RXD	=	0x00b0
                           0000B1   224 _TXD	=	0x00b1
                           0000B2   225 _INT0	=	0x00b2
                           0000B3   226 _INT1	=	0x00b3
                           0000B4   227 _T0	=	0x00b4
                           0000B5   228 _T1	=	0x00b5
                           0000B6   229 _WR	=	0x00b6
                           0000B7   230 _RD	=	0x00b7
                           0000B8   231 _PX0	=	0x00b8
                           0000B9   232 _PT0	=	0x00b9
                           0000BA   233 _PX1	=	0x00ba
                           0000BB   234 _PT1	=	0x00bb
                           0000BC   235 _PS	=	0x00bc
                           0000D0   236 _P	=	0x00d0
                           0000D1   237 _F1	=	0x00d1
                           0000D2   238 _OV	=	0x00d2
                           0000D3   239 _RS0	=	0x00d3
                           0000D4   240 _RS1	=	0x00d4
                           0000D5   241 _F0	=	0x00d5
                           0000D6   242 _AC	=	0x00d6
                           0000D7   243 _CY	=	0x00d7
                           0000AD   244 _ET2	=	0x00ad
                           0000BD   245 _PT2	=	0x00bd
                           0000C8   246 _T2CON_0	=	0x00c8
                           0000C9   247 _T2CON_1	=	0x00c9
                           0000CA   248 _T2CON_2	=	0x00ca
                           0000CB   249 _T2CON_3	=	0x00cb
                           0000CC   250 _T2CON_4	=	0x00cc
                           0000CD   251 _T2CON_5	=	0x00cd
                           0000CE   252 _T2CON_6	=	0x00ce
                           0000CF   253 _T2CON_7	=	0x00cf
                           0000C8   254 _CP_RL2	=	0x00c8
                           0000C9   255 _C_T2	=	0x00c9
                           0000CA   256 _TR2	=	0x00ca
                           0000CB   257 _EXEN2	=	0x00cb
                           0000CC   258 _TCLK	=	0x00cc
                           0000CD   259 _RCLK	=	0x00cd
                           0000CE   260 _EXF2	=	0x00ce
                           0000CF   261 _TF2	=	0x00cf
                                    262 ;--------------------------------------------------------
                                    263 ; overlayable register banks
                                    264 ;--------------------------------------------------------
                                    265 	.area REG_BANK_0	(REL,OVR,DATA)
      000000                        266 	.ds 8
                                    267 ;--------------------------------------------------------
                                    268 ; internal ram data
                                    269 ;--------------------------------------------------------
                                    270 	.area DSEG    (DATA)
      000000                        271 _T0RH::
      000000                        272 	.ds 1
      000001                        273 _T0RL::
      000001                        274 	.ds 1
                                    275 ;--------------------------------------------------------
                                    276 ; overlayable items in internal ram 
                                    277 ;--------------------------------------------------------
                                    278 ;--------------------------------------------------------
                                    279 ; indirectly addressable internal ram data
                                    280 ;--------------------------------------------------------
                                    281 	.area ISEG    (DATA)
                                    282 ;--------------------------------------------------------
                                    283 ; absolute internal ram data
                                    284 ;--------------------------------------------------------
                                    285 	.area IABS    (ABS,DATA)
                                    286 	.area IABS    (ABS,DATA)
                                    287 ;--------------------------------------------------------
                                    288 ; bit data
                                    289 ;--------------------------------------------------------
                                    290 	.area BSEG    (BIT)
                                    291 ;--------------------------------------------------------
                                    292 ; paged external ram data
                                    293 ;--------------------------------------------------------
                                    294 	.area PSEG    (PAG,XDATA)
                                    295 ;--------------------------------------------------------
                                    296 ; external ram data
                                    297 ;--------------------------------------------------------
                                    298 	.area XSEG    (XDATA)
                                    299 ;--------------------------------------------------------
                                    300 ; absolute external ram data
                                    301 ;--------------------------------------------------------
                                    302 	.area XABS    (ABS,XDATA)
                                    303 ;--------------------------------------------------------
                                    304 ; external initialized ram data
                                    305 ;--------------------------------------------------------
                                    306 	.area XISEG   (XDATA)
                                    307 	.area HOME    (CODE)
                                    308 	.area GSINIT0 (CODE)
                                    309 	.area GSINIT1 (CODE)
                                    310 	.area GSINIT2 (CODE)
                                    311 	.area GSINIT3 (CODE)
                                    312 	.area GSINIT4 (CODE)
                                    313 	.area GSINIT5 (CODE)
                                    314 	.area GSINIT  (CODE)
                                    315 	.area GSFINAL (CODE)
                                    316 	.area CSEG    (CODE)
                                    317 ;--------------------------------------------------------
                                    318 ; global & static initialisations
                                    319 ;--------------------------------------------------------
                                    320 	.area HOME    (CODE)
                                    321 	.area GSINIT  (CODE)
                                    322 	.area GSFINAL (CODE)
                                    323 	.area GSINIT  (CODE)
                                    324 ;	time.c:3: unsigned char T0RH = 0;
      000000 75*00 00         [24]  325 	mov	_T0RH,#0x00
                                    326 ;	time.c:4: unsigned char T0RL = 0;
      000003 75*01 00         [24]  327 	mov	_T0RL,#0x00
                                    328 ;--------------------------------------------------------
                                    329 ; Home
                                    330 ;--------------------------------------------------------
                                    331 	.area HOME    (CODE)
                                    332 	.area HOME    (CODE)
                                    333 ;--------------------------------------------------------
                                    334 ; code
                                    335 ;--------------------------------------------------------
                                    336 	.area CSEG    (CODE)
                                    337 ;------------------------------------------------------------
                                    338 ;Allocation info for local variables in function 'time0_init'
                                    339 ;------------------------------------------------------------
                                    340 ;ms                        Allocated to registers r6 r7 
                                    341 ;tmp                       Allocated to registers r4 r5 r6 r7 
                                    342 ;------------------------------------------------------------
                                    343 ;	time.c:6: void time0_init(unsigned int ms)
                                    344 ;	-----------------------------------------
                                    345 ;	 function time0_init
                                    346 ;	-----------------------------------------
      000000                        347 _time0_init:
                           000007   348 	ar7 = 0x07
                           000006   349 	ar6 = 0x06
                           000005   350 	ar5 = 0x05
                           000004   351 	ar4 = 0x04
                           000003   352 	ar3 = 0x03
                           000002   353 	ar2 = 0x02
                           000001   354 	ar1 = 0x01
                           000000   355 	ar0 = 0x00
      000000 AE 82            [24]  356 	mov	r6,dpl
      000002 AF 83            [24]  357 	mov	r7,dph
                                    358 ;	time.c:11: tmp = (tmp * ms) / 1000;
      000004 8E*00            [24]  359 	mov	__mullong_PARM_2,r6
      000006 8F*01            [24]  360 	mov	(__mullong_PARM_2 + 1),r7
      000008 75*02 00         [24]  361 	mov	(__mullong_PARM_2 + 2),#0x00
      00000B 75*03 00         [24]  362 	mov	(__mullong_PARM_2 + 3),#0x00
      00000E 90 10 00         [24]  363 	mov	dptr,#0x1000
      000011 75 F0 0E         [24]  364 	mov	b,#0x0e
      000014 E4               [12]  365 	clr	a
      000015 12r00r00         [24]  366 	lcall	__mullong
      000018 AC 82            [24]  367 	mov	r4,dpl
      00001A AD 83            [24]  368 	mov	r5,dph
      00001C AE F0            [24]  369 	mov	r6,b
      00001E FF               [12]  370 	mov	r7,a
      00001F 75*00 E8         [24]  371 	mov	__divulong_PARM_2,#0xe8
      000022 75*01 03         [24]  372 	mov	(__divulong_PARM_2 + 1),#0x03
      000025 E4               [12]  373 	clr	a
      000026 F5*02            [12]  374 	mov	(__divulong_PARM_2 + 2),a
      000028 F5*03            [12]  375 	mov	(__divulong_PARM_2 + 3),a
      00002A 8C 82            [24]  376 	mov	dpl,r4
      00002C 8D 83            [24]  377 	mov	dph,r5
      00002E 8E F0            [24]  378 	mov	b,r6
      000030 EF               [12]  379 	mov	a,r7
      000031 12r00r00         [24]  380 	lcall	__divulong
      000034 AC 82            [24]  381 	mov	r4,dpl
      000036 AD 83            [24]  382 	mov	r5,dph
      000038 AE F0            [24]  383 	mov	r6,b
      00003A FF               [12]  384 	mov	r7,a
                                    385 ;	time.c:12: tmp = 65536 - tmp;
      00003B E4               [12]  386 	clr	a
      00003C C3               [12]  387 	clr	c
      00003D 9C               [12]  388 	subb	a,r4
      00003E FC               [12]  389 	mov	r4,a
      00003F E4               [12]  390 	clr	a
      000040 9D               [12]  391 	subb	a,r5
      000041 FD               [12]  392 	mov	r5,a
      000042 74 01            [12]  393 	mov	a,#0x01
      000044 9E               [12]  394 	subb	a,r6
      000045 FE               [12]  395 	mov	r6,a
      000046 E4               [12]  396 	clr	a
      000047 9F               [12]  397 	subb	a,r7
      000048 FF               [12]  398 	mov	r7,a
                                    399 ;	time.c:13: tmp = tmp + 28;
      000049 74 1C            [12]  400 	mov	a,#0x1c
      00004B 2C               [12]  401 	add	a,r4
      00004C FC               [12]  402 	mov	r4,a
      00004D E4               [12]  403 	clr	a
      00004E 3D               [12]  404 	addc	a,r5
      00004F FD               [12]  405 	mov	r5,a
      000050 E4               [12]  406 	clr	a
      000051 3E               [12]  407 	addc	a,r6
      000052 E4               [12]  408 	clr	a
      000053 3F               [12]  409 	addc	a,r7
                                    410 ;	time.c:14: T0RH = (unsigned char)(tmp >> 8);
      000054 8D*00            [24]  411 	mov	_T0RH,r5
                                    412 ;	time.c:15: T0RL = (unsigned char)tmp;
      000056 8C*01            [24]  413 	mov	_T0RL,r4
                                    414 ;	time.c:16: TMOD &= 0xF0;
      000058 53 89 F0         [24]  415 	anl	_TMOD,#0xf0
                                    416 ;	time.c:17: TMOD |= 0x01;
      00005B AE 89            [24]  417 	mov	r6,_TMOD
      00005D 43 06 01         [24]  418 	orl	ar6,#0x01
      000060 8E 89            [24]  419 	mov	_TMOD,r6
                                    420 ;	time.c:18: TH0 = T0RH;
      000062 85*00 8C         [24]  421 	mov	_TH0,_T0RH
                                    422 ;	time.c:19: TL0 = T0RL;
      000065 85*01 8A         [24]  423 	mov	_TL0,_T0RL
                                    424 ;	time.c:20: ET0 = 1;
                                    425 ;	assignBit
      000068 D2 A9            [12]  426 	setb	_ET0
                                    427 ;	time.c:21: TR0 = 1;
                                    428 ;	assignBit
      00006A D2 8C            [12]  429 	setb	_TR0
                                    430 ;	time.c:22: }
      00006C 22               [24]  431 	ret
                                    432 	.area CSEG    (CODE)
                                    433 	.area CONST   (CODE)
                                    434 	.area XINIT   (CODE)
                                    435 	.area CABS    (ABS,CODE)
